app/build/intermediates/manifest_merge_blame_file/release/processReleaseMainManifest/manifest-merger-blame-release-report.txt
1<?xml version="1.0" encoding="utf-8"?>
2<manifest xmlns:android="http://schemas.android.com/apk/res/android"
3    package="dev.aurakai.auraframefx"
4    android:versionCode="1"
5    android:versionName="1.0" >
6
7    <uses-sdk
8        android:minSdkVersion="33"
9        android:targetSdkVersion="36" />
10
11    <uses-permission android:name="android.permission.INTERNET" />
11-->src\main\AndroidManifest.xml:4:5-67
11-->src\main\AndroidManifest.xml:4:22-64
12    <uses-permission android:name="android.permission.VIBRATE" />
12-->src\main\AndroidManifest.xml:5:5-66
12-->src\main\AndroidManifest.xml:5:22-63
13    <uses-permission android:name="android.permission.RECEIVE_BOOT_COMPLETED" />
13-->src\main\AndroidManifest.xml:6:5-81
13-->src\main\AndroidManifest.xml:6:22-78
14    <uses-permission android:name="android.permission.WAKE_LOCK" />
14-->[androidx.work:work-runtime:2.10.3] AndroidManifest.xml:23:5-68
14-->[androidx.work:work-runtime:2.10.3] AndroidManifest.xml:23:22-65
15    <uses-permission android:name="android.permission.ACCESS_NETWORK_STATE" />
15-->[androidx.work:work-runtime:2.10.3] AndroidManifest.xml:24:5-79
15-->[androidx.work:work-runtime:2.10.3] AndroidManifest.xml:24:22-76
16    <uses-permission android:name="android.permission.FOREGROUND_SERVICE" />
16-->[androidx.work:work-runtime:2.10.3] AndroidManifest.xml:26:5-77
16-->[androidx.work:work-runtime:2.10.3] AndroidManifest.xml:26:22-74
17
18    <permission
18-->[androidx.core:core:1.16.0] AndroidManifest.xml:22:5-24:47
19        android:name="dev.aurakai.auraframefx.DYNAMIC_RECEIVER_NOT_EXPORTED_PERMISSION"
19-->[androidx.core:core:1.16.0] AndroidManifest.xml:23:9-81
20        android:protectionLevel="signature" />
20-->[androidx.core:core:1.16.0] AndroidManifest.xml:24:9-44
21
22    <uses-permission android:name="dev.aurakai.auraframefx.DYNAMIC_RECEIVER_NOT_EXPORTED_PERMISSION" />
22-->[androidx.core:core:1.16.0] AndroidManifest.xml:26:5-97
22-->[androidx.core:core:1.16.0] AndroidManifest.xml:26:22-94
23
24    <application
24-->src\main\AndroidManifest.xml:8:5-57:19
25        android:name="dev.aurakai.auraframefx.AuraFrameApplication"
25-->src\main\AndroidManifest.xml:9:9-45
26        android:appComponentFactory="androidx.core.app.CoreComponentFactory"
26-->[androidx.core:core:1.16.0] AndroidManifest.xml:28:18-86
27        android:enableOnBackInvokedCallback="true"
27-->src\main\AndroidManifest.xml:15:9-51
28        android:extractNativeLibs="false"
29        android:icon="@mipmap/ic_launcher"
29-->src\main\AndroidManifest.xml:10:9-43
30        android:label="AuraFrameFX LSPosed Module"
30-->src\main\AndroidManifest.xml:11:9-51
31        android:roundIcon="@mipmap/ic_launcher_round"
31-->src\main\AndroidManifest.xml:12:9-54
32        android:supportsRtl="true"
32-->src\main\AndroidManifest.xml:13:9-35
33        android:theme="@style/Theme.AuraFrameFX" >
33-->src\main\AndroidManifest.xml:14:9-49
34        <meta-data
34-->src\main\AndroidManifest.xml:16:9-18:36
35            android:name="xposedmodule"
35-->src\main\AndroidManifest.xml:17:13-40
36            android:value="true" />
36-->src\main\AndroidManifest.xml:18:13-33
37        <meta-data
37-->src\main\AndroidManifest.xml:19:9-21:67
38            android:name="xposeddescription"
38-->src\main\AndroidManifest.xml:20:13-45
39            android:value="AuraFrameFX hooks and enhancements." />
39-->src\main\AndroidManifest.xml:21:13-64
40        <meta-data
40-->src\main\AndroidManifest.xml:22:9-24:34
41            android:name="xposedminversion"
41-->src\main\AndroidManifest.xml:23:13-44
42            android:value="93" />
42-->src\main\AndroidManifest.xml:24:13-31
43
44        <activity
44-->src\main\AndroidManifest.xml:26:9-33:20
45            android:name="dev.aurakai.auraframefx.MainActivity"
45-->src\main\AndroidManifest.xml:27:13-41
46            android:exported="true" >
46-->src\main\AndroidManifest.xml:28:13-36
47            <intent-filter>
47-->src\main\AndroidManifest.xml:29:13-32:29
48                <action android:name="android.intent.action.MAIN" />
48-->src\main\AndroidManifest.xml:30:17-69
48-->src\main\AndroidManifest.xml:30:25-66
49
50                <category android:name="android.intent.category.LAUNCHER" />
50-->src\main\AndroidManifest.xml:31:17-77
50-->src\main\AndroidManifest.xml:31:27-74
51            </intent-filter>
52        </activity>
53
54        <service
54-->src\main\AndroidManifest.xml:35:9-37:40
55            android:name="dev.aurakai.auraframefx.VertexSyncService"
55-->src\main\AndroidManifest.xml:36:13-46
56            android:exported="false" />
56-->src\main\AndroidManifest.xml:37:13-37
57        <service
57-->src\main\AndroidManifest.xml:38:9-40:40
58            android:name="dev.aurakai.auraframefx.security.IntegrityMonitorService"
58-->src\main\AndroidManifest.xml:39:13-61
59            android:exported="false" />
59-->src\main\AndroidManifest.xml:40:13-37
60
61        <receiver
61-->src\main\AndroidManifest.xml:42:9-49:20
62            android:name="dev.aurakai.auraframefx.receivers.BootCompletedReceiver"
62-->src\main\AndroidManifest.xml:43:13-60
63            android:enabled="true"
63-->src\main\AndroidManifest.xml:44:13-35
64            android:exported="true" >
64-->src\main\AndroidManifest.xml:45:13-36
65            <intent-filter>
65-->src\main\AndroidManifest.xml:46:13-48:29
66                <action android:name="android.intent.action.BOOT_COMPLETED" />
66-->src\main\AndroidManifest.xml:47:17-79
66-->src\main\AndroidManifest.xml:47:25-76
67            </intent-filter>
68        </receiver>
69        <receiver
69-->src\main\AndroidManifest.xml:50:9-56:20
70            android:name="dev.aurakai.auraframefx.security.IntegrityViolationReceiver"
70-->src\main\AndroidManifest.xml:51:13-64
71            android:exported="true" >
71-->src\main\AndroidManifest.xml:52:13-36
72            <intent-filter>
72-->src\main\AndroidManifest.xml:53:13-55:29
73                <action android:name="dev.aurakai.auraframefx.ACTION_INTEGRITY_VIOLATION" />
73-->src\main\AndroidManifest.xml:54:17-93
73-->src\main\AndroidManifest.xml:54:25-90
74            </intent-filter>
75        </receiver>
76
77        <provider
77-->[androidx.work:work-runtime:2.10.3] AndroidManifest.xml:29:9-37:20
78            android:name="androidx.startup.InitializationProvider"
78-->[androidx.work:work-runtime:2.10.3] AndroidManifest.xml:30:13-67
79            android:authorities="dev.aurakai.auraframefx.androidx-startup"
79-->[androidx.work:work-runtime:2.10.3] AndroidManifest.xml:31:13-68
80            android:exported="false" >
80-->[androidx.work:work-runtime:2.10.3] AndroidManifest.xml:32:13-37
81            <meta-data
81-->[androidx.work:work-runtime:2.10.3] AndroidManifest.xml:34:13-36:52
82                android:name="androidx.work.WorkManagerInitializer"
82-->[androidx.work:work-runtime:2.10.3] AndroidManifest.xml:35:17-68
83                android:value="androidx.startup" />
83-->[androidx.work:work-runtime:2.10.3] AndroidManifest.xml:36:17-49
84            <meta-data
84-->[androidx.emoji2:emoji2:1.4.0] AndroidManifest.xml:29:13-31:52
85                android:name="androidx.emoji2.text.EmojiCompatInitializer"
85-->[androidx.emoji2:emoji2:1.4.0] AndroidManifest.xml:30:17-75
86                android:value="androidx.startup" />
86-->[androidx.emoji2:emoji2:1.4.0] AndroidManifest.xml:31:17-49
87            <meta-data
87-->[androidx.lifecycle:lifecycle-process:2.9.2] AndroidManifest.xml:29:13-31:52
88                android:name="androidx.lifecycle.ProcessLifecycleInitializer"
88-->[androidx.lifecycle:lifecycle-process:2.9.2] AndroidManifest.xml:30:17-78
89                android:value="androidx.startup" />
89-->[androidx.lifecycle:lifecycle-process:2.9.2] AndroidManifest.xml:31:17-49
90            <meta-data
90-->[com.squareup.okhttp3:okhttp-android:5.1.0] AndroidManifest.xml:16:13-18:52
91                android:name="okhttp3.internal.platform.PlatformInitializer"
91-->[com.squareup.okhttp3:okhttp-android:5.1.0] AndroidManifest.xml:17:17-77
92                android:value="androidx.startup" />
92-->[com.squareup.okhttp3:okhttp-android:5.1.0] AndroidManifest.xml:18:17-49
93            <meta-data
93-->[androidx.profileinstaller:profileinstaller:1.4.0] AndroidManifest.xml:29:13-31:52
94                android:name="androidx.profileinstaller.ProfileInstallerInitializer"
94-->[androidx.profileinstaller:profileinstaller:1.4.0] AndroidManifest.xml:30:17-85
95                android:value="androidx.startup" />
95-->[androidx.profileinstaller:profileinstaller:1.4.0] AndroidManifest.xml:31:17-49
96        </provider>
97
98        <service
98-->[androidx.work:work-runtime:2.10.3] AndroidManifest.xml:39:9-45:35
99            android:name="androidx.work.impl.background.systemalarm.SystemAlarmService"
99-->[androidx.work:work-runtime:2.10.3] AndroidManifest.xml:40:13-88
100            android:directBootAware="false"
100-->[androidx.work:work-runtime:2.10.3] AndroidManifest.xml:41:13-44
101            android:enabled="@bool/enable_system_alarm_service_default"
101-->[androidx.work:work-runtime:2.10.3] AndroidManifest.xml:42:13-72
102            android:exported="false" />
102-->[androidx.work:work-runtime:2.10.3] AndroidManifest.xml:43:13-37
103        <service
103-->[androidx.work:work-runtime:2.10.3] AndroidManifest.xml:46:9-52:35
104            android:name="androidx.work.impl.background.systemjob.SystemJobService"
104-->[androidx.work:work-runtime:2.10.3] AndroidManifest.xml:47:13-84
105            android:directBootAware="false"
105-->[androidx.work:work-runtime:2.10.3] AndroidManifest.xml:48:13-44
106            android:enabled="@bool/enable_system_job_service_default"
106-->[androidx.work:work-runtime:2.10.3] AndroidManifest.xml:49:13-70
107            android:exported="true"
107-->[androidx.work:work-runtime:2.10.3] AndroidManifest.xml:50:13-36
108            android:permission="android.permission.BIND_JOB_SERVICE" />
108-->[androidx.work:work-runtime:2.10.3] AndroidManifest.xml:51:13-69
109        <service
109-->[androidx.work:work-runtime:2.10.3] AndroidManifest.xml:53:9-59:35
110            android:name="androidx.work.impl.foreground.SystemForegroundService"
110-->[androidx.work:work-runtime:2.10.3] AndroidManifest.xml:54:13-81
111            android:directBootAware="false"
111-->[androidx.work:work-runtime:2.10.3] AndroidManifest.xml:55:13-44
112            android:enabled="@bool/enable_system_foreground_service_default"
112-->[androidx.work:work-runtime:2.10.3] AndroidManifest.xml:56:13-77
113            android:exported="false" />
113-->[androidx.work:work-runtime:2.10.3] AndroidManifest.xml:57:13-37
114
115        <receiver
115-->[androidx.work:work-runtime:2.10.3] AndroidManifest.xml:61:9-66:35
116            android:name="androidx.work.impl.utils.ForceStopRunnable$BroadcastReceiver"
116-->[androidx.work:work-runtime:2.10.3] AndroidManifest.xml:62:13-88
117            android:directBootAware="false"
117-->[androidx.work:work-runtime:2.10.3] AndroidManifest.xml:63:13-44
118            android:enabled="true"
118-->[androidx.work:work-runtime:2.10.3] AndroidManifest.xml:64:13-35
119            android:exported="false" />
119-->[androidx.work:work-runtime:2.10.3] AndroidManifest.xml:65:13-37
120        <receiver
120-->[androidx.work:work-runtime:2.10.3] AndroidManifest.xml:67:9-77:20
121            android:name="androidx.work.impl.background.systemalarm.ConstraintProxy$BatteryChargingProxy"
121-->[androidx.work:work-runtime:2.10.3] AndroidManifest.xml:68:13-106
122            android:directBootAware="false"
122-->[androidx.work:work-runtime:2.10.3] AndroidManifest.xml:69:13-44
123            android:enabled="false"
123-->[androidx.work:work-runtime:2.10.3] AndroidManifest.xml:70:13-36
124            android:exported="false" >
124-->[androidx.work:work-runtime:2.10.3] AndroidManifest.xml:71:13-37
125            <intent-filter>
125-->[androidx.work:work-runtime:2.10.3] AndroidManifest.xml:73:13-76:29
126                <action android:name="android.intent.action.ACTION_POWER_CONNECTED" />
126-->[androidx.work:work-runtime:2.10.3] AndroidManifest.xml:74:17-87
126-->[androidx.work:work-runtime:2.10.3] AndroidManifest.xml:74:25-84
127                <action android:name="android.intent.action.ACTION_POWER_DISCONNECTED" />
127-->[androidx.work:work-runtime:2.10.3] AndroidManifest.xml:75:17-90
127-->[androidx.work:work-runtime:2.10.3] AndroidManifest.xml:75:25-87
128            </intent-filter>
129        </receiver>
130        <receiver
130-->[androidx.work:work-runtime:2.10.3] AndroidManifest.xml:78:9-88:20
131            android:name="androidx.work.impl.background.systemalarm.ConstraintProxy$BatteryNotLowProxy"
131-->[androidx.work:work-runtime:2.10.3] AndroidManifest.xml:79:13-104
132            android:directBootAware="false"
132-->[androidx.work:work-runtime:2.10.3] AndroidManifest.xml:80:13-44
133            android:enabled="false"
133-->[androidx.work:work-runtime:2.10.3] AndroidManifest.xml:81:13-36
134            android:exported="false" >
134-->[androidx.work:work-runtime:2.10.3] AndroidManifest.xml:82:13-37
135            <intent-filter>
135-->[androidx.work:work-runtime:2.10.3] AndroidManifest.xml:84:13-87:29
136                <action android:name="android.intent.action.BATTERY_OKAY" />
136-->[androidx.work:work-runtime:2.10.3] AndroidManifest.xml:85:17-77
136-->[androidx.work:work-runtime:2.10.3] AndroidManifest.xml:85:25-74
137                <action android:name="android.intent.action.BATTERY_LOW" />
137-->[androidx.work:work-runtime:2.10.3] AndroidManifest.xml:86:17-76
137-->[androidx.work:work-runtime:2.10.3] AndroidManifest.xml:86:25-73
138            </intent-filter>
139        </receiver>
140        <receiver
140-->[androidx.work:work-runtime:2.10.3] AndroidManifest.xml:89:9-99:20
141            android:name="androidx.work.impl.background.systemalarm.ConstraintProxy$StorageNotLowProxy"
141-->[androidx.work:work-runtime:2.10.3] AndroidManifest.xml:90:13-104
142            android:directBootAware="false"
142-->[androidx.work:work-runtime:2.10.3] AndroidManifest.xml:91:13-44
143            android:enabled="false"
143-->[androidx.work:work-runtime:2.10.3] AndroidManifest.xml:92:13-36
144            android:exported="false" >
144-->[androidx.work:work-runtime:2.10.3] AndroidManifest.xml:93:13-37
145            <intent-filter>
145-->[androidx.work:work-runtime:2.10.3] AndroidManifest.xml:95:13-98:29
146                <action android:name="android.intent.action.DEVICE_STORAGE_LOW" />
146-->[androidx.work:work-runtime:2.10.3] AndroidManifest.xml:96:17-83
146-->[androidx.work:work-runtime:2.10.3] AndroidManifest.xml:96:25-80
147                <action android:name="android.intent.action.DEVICE_STORAGE_OK" />
147-->[androidx.work:work-runtime:2.10.3] AndroidManifest.xml:97:17-82
147-->[androidx.work:work-runtime:2.10.3] AndroidManifest.xml:97:25-79
148            </intent-filter>
149        </receiver>
150        <receiver
150-->[androidx.work:work-runtime:2.10.3] AndroidManifest.xml:100:9-109:20
151            android:name="androidx.work.impl.background.systemalarm.ConstraintProxy$NetworkStateProxy"
151-->[androidx.work:work-runtime:2.10.3] AndroidManifest.xml:101:13-103
152            android:directBootAware="false"
152-->[androidx.work:work-runtime:2.10.3] AndroidManifest.xml:102:13-44
153            android:enabled="false"
153-->[androidx.work:work-runtime:2.10.3] AndroidManifest.xml:103:13-36
154            android:exported="false" >
154-->[androidx.work:work-runtime:2.10.3] AndroidManifest.xml:104:13-37
155            <intent-filter>
155-->[androidx.work:work-runtime:2.10.3] AndroidManifest.xml:106:13-108:29
156                <action android:name="android.net.conn.CONNECTIVITY_CHANGE" />
156-->[androidx.work:work-runtime:2.10.3] AndroidManifest.xml:107:17-79
156-->[androidx.work:work-runtime:2.10.3] AndroidManifest.xml:107:25-76
157            </intent-filter>
158        </receiver>
159        <receiver
159-->[androidx.work:work-runtime:2.10.3] AndroidManifest.xml:110:9-121:20
160            android:name="androidx.work.impl.background.systemalarm.RescheduleReceiver"
160-->[androidx.work:work-runtime:2.10.3] AndroidManifest.xml:111:13-88
161            android:directBootAware="false"
161-->[androidx.work:work-runtime:2.10.3] AndroidManifest.xml:112:13-44
162            android:enabled="false"
162-->[androidx.work:work-runtime:2.10.3] AndroidManifest.xml:113:13-36
163            android:exported="false" >
163-->[androidx.work:work-runtime:2.10.3] AndroidManifest.xml:114:13-37
164            <intent-filter>
164-->[androidx.work:work-runtime:2.10.3] AndroidManifest.xml:116:13-120:29
165                <action android:name="android.intent.action.BOOT_COMPLETED" />
165-->src\main\AndroidManifest.xml:47:17-79
165-->src\main\AndroidManifest.xml:47:25-76
166                <action android:name="android.intent.action.TIME_SET" />
166-->[androidx.work:work-runtime:2.10.3] AndroidManifest.xml:118:17-73
166-->[androidx.work:work-runtime:2.10.3] AndroidManifest.xml:118:25-70
167                <action android:name="android.intent.action.TIMEZONE_CHANGED" />
167-->[androidx.work:work-runtime:2.10.3] AndroidManifest.xml:119:17-81
167-->[androidx.work:work-runtime:2.10.3] AndroidManifest.xml:119:25-78
168            </intent-filter>
169        </receiver>
170        <receiver
170-->[androidx.work:work-runtime:2.10.3] AndroidManifest.xml:122:9-131:20
171            android:name="androidx.work.impl.background.systemalarm.ConstraintProxyUpdateReceiver"
171-->[androidx.work:work-runtime:2.10.3] AndroidManifest.xml:123:13-99
172            android:directBootAware="false"
172-->[androidx.work:work-runtime:2.10.3] AndroidManifest.xml:124:13-44
173            android:enabled="@bool/enable_system_alarm_service_default"
173-->[androidx.work:work-runtime:2.10.3] AndroidManifest.xml:125:13-72
174            android:exported="false" >
174-->[androidx.work:work-runtime:2.10.3] AndroidManifest.xml:126:13-37
175            <intent-filter>
175-->[androidx.work:work-runtime:2.10.3] AndroidManifest.xml:128:13-130:29
176                <action android:name="androidx.work.impl.background.systemalarm.UpdateProxies" />
176-->[androidx.work:work-runtime:2.10.3] AndroidManifest.xml:129:17-98
176-->[androidx.work:work-runtime:2.10.3] AndroidManifest.xml:129:25-95
177            </intent-filter>
178        </receiver>
179        <receiver
179-->[androidx.work:work-runtime:2.10.3] AndroidManifest.xml:132:9-142:20
180            android:name="androidx.work.impl.diagnostics.DiagnosticsReceiver"
180-->[androidx.work:work-runtime:2.10.3] AndroidManifest.xml:133:13-78
181            android:directBootAware="false"
181-->[androidx.work:work-runtime:2.10.3] AndroidManifest.xml:134:13-44
182            android:enabled="true"
182-->[androidx.work:work-runtime:2.10.3] AndroidManifest.xml:135:13-35
183            android:exported="true"
183-->[androidx.work:work-runtime:2.10.3] AndroidManifest.xml:136:13-36
184            android:permission="android.permission.DUMP" >
184-->[androidx.work:work-runtime:2.10.3] AndroidManifest.xml:137:13-57
185            <intent-filter>
185-->[androidx.work:work-runtime:2.10.3] AndroidManifest.xml:139:13-141:29
186                <action android:name="androidx.work.diagnostics.REQUEST_DIAGNOSTICS" />
186-->[androidx.work:work-runtime:2.10.3] AndroidManifest.xml:140:17-88
186-->[androidx.work:work-runtime:2.10.3] AndroidManifest.xml:140:25-85
187            </intent-filter>
188        </receiver>
189
190        <service
190-->[androidx.room:room-runtime:2.6.1] AndroidManifest.xml:24:9-28:63
191            android:name="androidx.room.MultiInstanceInvalidationService"
191-->[androidx.room:room-runtime:2.6.1] AndroidManifest.xml:25:13-74
192            android:directBootAware="true"
192-->[androidx.room:room-runtime:2.6.1] AndroidManifest.xml:26:13-43
193            android:exported="false" />
193-->[androidx.room:room-runtime:2.6.1] AndroidManifest.xml:27:13-37
194
195        <receiver
195-->[androidx.profileinstaller:profileinstaller:1.4.0] AndroidManifest.xml:34:9-52:20
196            android:name="androidx.profileinstaller.ProfileInstallReceiver"
196-->[androidx.profileinstaller:profileinstaller:1.4.0] AndroidManifest.xml:35:13-76
197            android:directBootAware="false"
197-->[androidx.profileinstaller:profileinstaller:1.4.0] AndroidManifest.xml:36:13-44
198            android:enabled="true"
198-->[androidx.profileinstaller:profileinstaller:1.4.0] AndroidManifest.xml:37:13-35
199            android:exported="true"
199-->[androidx.profileinstaller:profileinstaller:1.4.0] AndroidManifest.xml:38:13-36
200            android:permission="android.permission.DUMP" >
200-->[androidx.profileinstaller:profileinstaller:1.4.0] AndroidManifest.xml:39:13-57
201            <intent-filter>
201-->[androidx.profileinstaller:profileinstaller:1.4.0] AndroidManifest.xml:40:13-42:29
202                <action android:name="androidx.profileinstaller.action.INSTALL_PROFILE" />
202-->[androidx.profileinstaller:profileinstaller:1.4.0] AndroidManifest.xml:41:17-91
202-->[androidx.profileinstaller:profileinstaller:1.4.0] AndroidManifest.xml:41:25-88
203            </intent-filter>
204            <intent-filter>
204-->[androidx.profileinstaller:profileinstaller:1.4.0] AndroidManifest.xml:43:13-45:29
205                <action android:name="androidx.profileinstaller.action.SKIP_FILE" />
205-->[androidx.profileinstaller:profileinstaller:1.4.0] AndroidManifest.xml:44:17-85
205-->[androidx.profileinstaller:profileinstaller:1.4.0] AndroidManifest.xml:44:25-82
206            </intent-filter>
207            <intent-filter>
207-->[androidx.profileinstaller:profileinstaller:1.4.0] AndroidManifest.xml:46:13-48:29
208                <action android:name="androidx.profileinstaller.action.SAVE_PROFILE" />
208-->[androidx.profileinstaller:profileinstaller:1.4.0] AndroidManifest.xml:47:17-88
208-->[androidx.profileinstaller:profileinstaller:1.4.0] AndroidManifest.xml:47:25-85
209            </intent-filter>
210            <intent-filter>
210-->[androidx.profileinstaller:profileinstaller:1.4.0] AndroidManifest.xml:49:13-51:29
211                <action android:name="androidx.profileinstaller.action.BENCHMARK_OPERATION" />
211-->[androidx.profileinstaller:profileinstaller:1.4.0] AndroidManifest.xml:50:17-95
211-->[androidx.profileinstaller:profileinstaller:1.4.0] AndroidManifest.xml:50:25-92
212            </intent-filter>
213        </receiver>
214    </application>
215
216</manifest>